proguard/seeds.txt
assembly.stone.itassembly.R$anim: int down2up
assembly.stone.itassembly.R$anim: int down_up
assembly.stone.itassembly.R$anim: int fade_in
assembly.stone.itassembly.R$anim: int fade_out
assembly.stone.itassembly.R$anim: int left_right
assembly.stone.itassembly.R$anim: int push_left_in
assembly.stone.itassembly.R$anim: int push_left_out
assembly.stone.itassembly.R$anim: int push_right_in
assembly.stone.itassembly.R$anim: int push_rigt_out
assembly.stone.itassembly.R$anim: int right_left
assembly.stone.itassembly.R$anim: int rote_tip_n
assembly.stone.itassembly.R$anim: int shake_umeng_socialize_cycle_5
assembly.stone.itassembly.R$anim: int shake_umeng_socialize_dlg_alpha
assembly.stone.itassembly.R$anim: int shake_umeng_socialize_dlg_scale
assembly.stone.itassembly.R$anim: int shake_umeng_socialize_edit_anim
assembly.stone.itassembly.R$anim: int shake_umeng_socialize_imageview_rotate
assembly.stone.itassembly.R$anim: int shake_umeng_socialize_scrshot_dlg
assembly.stone.itassembly.R$anim: int umeng_socialize_fade_in
assembly.stone.itassembly.R$anim: int umeng_socialize_fade_out
assembly.stone.itassembly.R$anim: int umeng_socialize_shareboard_animation_in
assembly.stone.itassembly.R$anim: int umeng_socialize_shareboard_animation_out
assembly.stone.itassembly.R$anim: int umeng_socialize_slide_in_from_bottom
assembly.stone.itassembly.R$anim: int umeng_socialize_slide_out_from_bottom
assembly.stone.itassembly.R$anim: int up2down
assembly.stone.itassembly.R$attr: int activeColor
assembly.stone.itassembly.R$attr: int activeRadius
assembly.stone.itassembly.R$attr: int activeType
assembly.stone.itassembly.R$attr: int centered
assembly.stone.itassembly.R$attr: int circleSeparation
assembly.stone.itassembly.R$attr: int fadeOut
assembly.stone.itassembly.R$attr: int inactiveColor
assembly.stone.itassembly.R$attr: int inactiveType
assembly.stone.itassembly.R$attr: int radius
assembly.stone.itassembly.R$attr: int reflectionColor
assembly.stone.itassembly.R$attr: int sidebuffer
assembly.stone.itassembly.R$attr: int swipeActionLeft
assembly.stone.itassembly.R$attr: int swipeActionRight
assembly.stone.itassembly.R$attr: int swipeAnimationTime
assembly.stone.itassembly.R$attr: int swipeBackView
assembly.stone.itassembly.R$attr: int swipeCloseAllItemsWhenMoveList
assembly.stone.itassembly.R$attr: int swipeDrawableChecked
assembly.stone.itassembly.R$attr: int swipeDrawableUnchecked
assembly.stone.itassembly.R$attr: int swipeFrontView
assembly.stone.itassembly.R$attr: int swipeIsAutoLoadOnBottom
assembly.stone.itassembly.R$attr: int swipeIsDropDownStyle
assembly.stone.itassembly.R$attr: int swipeIsOnBottomStyle
assembly.stone.itassembly.R$attr: int swipeMode
assembly.stone.itassembly.R$attr: int swipeOffsetLeft
assembly.stone.itassembly.R$attr: int swipeOffsetRight
assembly.stone.itassembly.R$attr: int swipeOpenOnLongPress
...
android.support.v4.view.ViewCompat$ImportantForAccessibility
android.support.v4.view.ViewCompat$JBViewCompatImpl
android.support.v4.view.ViewCompat$JBViewCompatImpl: ViewCompat$JBViewCompatImpl()
android.support.v4.view.ViewCompat$JBViewCompatImpl: boolean hasTransientState(android.view.View)
android.support.v4.view.ViewCompat$JBViewCompatImpl: void setHasTransientState(android.view.View,boolean)
android.support.v4.view.ViewCompat$JBViewCompatImpl: void postInvalidateOnAnimation(android.view.View)
android.support.v4.view.ViewCompat$JBViewCompatImpl: void postInvalidateOnAnimation(android.view.View,int,int,int,int)
android.support.v4.view.ViewCompat$JBViewCompatImpl: void postOnAnimation(android.view.View,java.lang.Runnable)
android.support.v4.view.ViewCompat$JBViewCompatImpl: void postOnAnimationDelayed(android.view.View,java.lang.Runnable,long)
android.support.v4.view.ViewCompat$JBViewCompatImpl: int getImportantForAccessibility(android.view.View)
android.support.v4.view.ViewCompat$JBViewCompatImpl: void setImportantForAccessibility(android.view.View,int)
android.support.v4.view.ViewCompat$JBViewCompatImpl: boolean performAccessibilityAction(android.view.View,int,android.os.Bundle)
android.support.v4.view.ViewCompat$JBViewCompatImpl: android.support.v4.view.accessibility.AccessibilityNodeProviderCompat getAccessibilityNodeProvider(android.view.View)
android.support.v4.view.ViewCompat$JBViewCompatImpl: android.view.ViewParent getParentForAccessibility(android.view.View)
android.support.v4.view.ViewCompat$JbMr1ViewCompatImpl
android.support.v4.view.ViewCompat$JbMr1ViewCompatImpl: ViewCompat$JbMr1ViewCompatImpl()
android.support.v4.view.ViewCompat$JbMr1ViewCompatImpl: int getLabelFor(android.view.View)
android.support.v4.view.ViewCompat$JbMr1ViewCompatImpl: void setLabelFor(android.view.View,int)
android.support.v4.view.ViewCompat$JbMr1ViewCompatImpl: void setLayerPaint(android.view.View,android.graphics.Paint)
android.support.v4.view.ViewCompat$JbMr1ViewCompatImpl: int getLayoutDirection(android.view.View)
android.support.v4.view.ViewCompat$JbMr1ViewCompatImpl: void setLayoutDirection(android.view.View,int)
android.support.v4.view.ViewCompat$JbMr1ViewCompatImpl: int getPaddingStart(android.view.View)
android.support.v4.view.ViewCompat$JbMr1ViewCompatImpl: int getPaddingEnd(android.view.View)
android.support.v4.view.ViewCompat$JbMr1ViewCompatImpl: void setPaddingRelative(android.view.View,int,int,int,int)
android.support.v4.view.ViewCompat$KitKatViewCompatImpl
android.support.v4.view.ViewCompat$KitKatViewCompatImpl: ViewCompat$KitKatViewCompatImpl()
android.support.v4.view.ViewCompat$KitKatViewCompatImpl: int getAccessibilityLiveRegion(android.view.View)
android.support.v4.view.ViewCompat$KitKatViewCompatImpl: void setAccessibilityLiveRegion(android.view.View,int)
android.support.v4.view.ViewCompat$KitKatViewCompatImpl: void setImportantForAccessibility(android.view.View,int)
android.support.v4.view.ViewCompat$LayerType
android.support.v4.view.ViewCompat$LayoutDirectionMode
android.support.v4.view.ViewCompat$OverScroll
android.support.v4.view.ViewCompat$ResolvedLayoutDirectionMode